<?xml version="1.0" encoding="UTF-8"?>
<testng-results ignored="0" total="1" passed="1" failed="0" skipped="0">
  <reporter-output>
    <line>
      <![CDATA[No fi rows are:5]]>
    </line>
    <line>
      <![CDATA[Add Supplier is success::Supplier-00000004761 Supplier-00000004761]]>
    </line>
    <line>
      <![CDATA[Add Supplier is success::Supplier-00000004762 Supplier-00000004762]]>
    </line>
    <line>
      <![CDATA[Add Supplier is success::Supplier-00000004763 Supplier-00000004763]]>
    </line>
    <line>
      <![CDATA[Add Supplier is success::Supplier-00000004764 Supplier-00000004764]]>
    </line>
    <line>
      <![CDATA[Add Supplier is success::Supplier-00000004765 Supplier-00000004765]]>
    </line>
  </reporter-output>
  <suite started-at="2024-08-28T17:29:55 IST" name="Default suite" finished-at="2024-08-28T17:30:43 IST" duration-ms="48817">
    <groups>
    </groups>
    <test started-at="2024-08-28T17:29:55 IST" name="Default test" finished-at="2024-08-28T17:30:43 IST" duration-ms="48817">
      <class name="driverFactory.Testscript">
        <test-method is-config="true" signature="setup()[pri:0, instance:driverFactory.Testscript@1165b38]" started-at="2024-08-28T17:29:55 IST" name="setup" finished-at="2024-08-28T17:29:59 IST" duration-ms="4890" status="PASS">
          <reporter-output>
          </reporter-output>
        </test-method> <!-- setup -->
        <test-method signature="starttest()[pri:0, instance:driverFactory.Testscript@1165b38]" started-at="2024-08-28T17:30:00 IST" name="starttest" finished-at="2024-08-28T17:30:43 IST" duration-ms="43605" status="PASS">
          <reporter-output>
            <line>
              <![CDATA[No fi rows are:5]]>
            </line>
            <line>
              <![CDATA[Add Supplier is success::Supplier-00000004761 Supplier-00000004761]]>
            </line>
            <line>
              <![CDATA[Add Supplier is success::Supplier-00000004762 Supplier-00000004762]]>
            </line>
            <line>
              <![CDATA[Add Supplier is success::Supplier-00000004763 Supplier-00000004763]]>
            </line>
            <line>
              <![CDATA[Add Supplier is success::Supplier-00000004764 Supplier-00000004764]]>
            </line>
            <line>
              <![CDATA[Add Supplier is success::Supplier-00000004765 Supplier-00000004765]]>
            </line>
          </reporter-output>
        </test-method> <!-- starttest -->
        <test-method is-config="true" signature="teardown()[pri:0, instance:driverFactory.Testscript@1165b38]" started-at="2024-08-28T17:30:43 IST" name="teardown" finished-at="2024-08-28T17:30:43 IST" duration-ms="237" status="PASS">
          <reporter-output>
          </reporter-output>
        </test-method> <!-- teardown -->
      </class> <!-- driverFactory.Testscript -->
    </test> <!-- Default test -->
  </suite> <!-- Default suite -->
</testng-results>
